<?xml version="1.0" encoding="UTF-8"?>
<testsuites>
  <testsuite name="fastlane.lanes">
    
    
    
      
      <testcase classname="fastlane.lanes" name="0: default_platform" time="0.000371978">
        
      </testcase>
    
      
      <testcase classname="fastlane.lanes" name="1: Switch to android bundle_build lane" time="0.000214347">
        
      </testcase>
    
      
      <testcase classname="fastlane.lanes" name="2: bundleRelease" time="3.472070616">
        
          <failure message="/usr/lib/ruby/gems/2.7.0/gems/fastlane-2.157.4/fastlane/lib/fastlane/actions/actions_helper.rb:48:in `execute_action'&#10;/usr/lib/ruby/gems/2.7.0/gems/fastlane-2.157.4/fastlane/lib/fastlane/runner.rb:255:in `block in execute_action'&#10;/usr/lib/ruby/gems/2.7.0/gems/fastlane-2.157.4/fastlane/lib/fastlane/runner.rb:229:in `chdir'&#10;/usr/lib/ruby/gems/2.7.0/gems/fastlane-2.157.4/fastlane/lib/fastlane/runner.rb:229:in `execute_action'&#10;/usr/lib/ruby/gems/2.7.0/gems/fastlane-2.157.4/fastlane/lib/fastlane/runner.rb:157:in `trigger_action_by_name'&#10;/usr/lib/ruby/gems/2.7.0/gems/fastlane-2.157.4/fastlane/lib/fastlane/fast_file.rb:159:in `method_missing'&#10;Fastfile:35:in `block (2 levels) in parsing_binding'&#10;/usr/lib/ruby/gems/2.7.0/gems/fastlane-2.157.4/fastlane/lib/fastlane/lane.rb:33:in `call'&#10;/usr/lib/ruby/gems/2.7.0/gems/fastlane-2.157.4/fastlane/lib/fastlane/runner.rb:204:in `try_switch_to_lane'&#10;/usr/lib/ruby/gems/2.7.0/gems/fastlane-2.157.4/fastlane/lib/fastlane/runner.rb:146:in `trigger_action_by_name'&#10;/usr/lib/ruby/gems/2.7.0/gems/fastlane-2.157.4/fastlane/lib/fastlane/fast_file.rb:159:in `method_missing'&#10;Fastfile:41:in `block (2 levels) in parsing_binding'&#10;/usr/lib/ruby/gems/2.7.0/gems/fastlane-2.157.4/fastlane/lib/fastlane/lane.rb:33:in `call'&#10;/usr/lib/ruby/gems/2.7.0/gems/fastlane-2.157.4/fastlane/lib/fastlane/runner.rb:49:in `block in execute'&#10;/usr/lib/ruby/gems/2.7.0/gems/fastlane-2.157.4/fastlane/lib/fastlane/runner.rb:45:in `chdir'&#10;/usr/lib/ruby/gems/2.7.0/gems/fastlane-2.157.4/fastlane/lib/fastlane/runner.rb:45:in `execute'&#10;/usr/lib/ruby/gems/2.7.0/gems/fastlane-2.157.4/fastlane/lib/fastlane/lane_manager.rb:47:in `cruise_lane'&#10;/usr/lib/ruby/gems/2.7.0/gems/fastlane-2.157.4/fastlane/lib/fastlane/command_line_handler.rb:36:in `handle'&#10;/usr/lib/ruby/gems/2.7.0/gems/fastlane-2.157.4/fastlane/lib/fastlane/commands_generator.rb:108:in `block (2 levels) in run'&#10;/usr/lib/ruby/gems/2.7.0/gems/commander-fastlane-4.4.6/lib/commander/command.rb:178:in `call'&#10;/usr/lib/ruby/gems/2.7.0/gems/commander-fastlane-4.4.6/lib/commander/command.rb:153:in `run'&#10;/usr/lib/ruby/gems/2.7.0/gems/commander-fastlane-4.4.6/lib/commander/runner.rb:476:in `run_active_command'&#10;/usr/lib/ruby/gems/2.7.0/gems/fastlane-2.157.4/fastlane_core/lib/fastlane_core/ui/fastlane_runner.rb:76:in `run!'&#10;/usr/lib/ruby/gems/2.7.0/gems/commander-fastlane-4.4.6/lib/commander/delegates.rb:15:in `run!'&#10;/usr/lib/ruby/gems/2.7.0/gems/fastlane-2.157.4/fastlane/lib/fastlane/commands_generator.rb:352:in `run'&#10;/usr/lib/ruby/gems/2.7.0/gems/fastlane-2.157.4/fastlane/lib/fastlane/commands_generator.rb:41:in `start'&#10;/usr/lib/ruby/gems/2.7.0/gems/fastlane-2.157.4/fastlane/lib/fastlane/cli_tools_distributor.rb:119:in `take_off'&#10;/usr/lib/ruby/gems/2.7.0/gems/fastlane-2.157.4/bin/fastlane:23:in `&lt;top (required)&gt;'&#10;/usr/bin/fastlane:23:in `load'&#10;/usr/bin/fastlane:23:in `&lt;top (required)&gt;'&#10;/home/ayush/.gem/ruby/2.7.0/gems/bundler-2.1.4/lib/bundler/cli/exec.rb:63:in `load'&#10;/home/ayush/.gem/ruby/2.7.0/gems/bundler-2.1.4/lib/bundler/cli/exec.rb:63:in `kernel_load'&#10;/home/ayush/.gem/ruby/2.7.0/gems/bundler-2.1.4/lib/bundler/cli/exec.rb:28:in `run'&#10;/home/ayush/.gem/ruby/2.7.0/gems/bundler-2.1.4/lib/bundler/cli.rb:476:in `exec'&#10;/home/ayush/.gem/ruby/2.7.0/gems/bundler-2.1.4/lib/bundler/vendor/thor/lib/thor/command.rb:27:in `run'&#10;/home/ayush/.gem/ruby/2.7.0/gems/bundler-2.1.4/lib/bundler/vendor/thor/lib/thor/invocation.rb:127:in `invoke_command'&#10;/home/ayush/.gem/ruby/2.7.0/gems/bundler-2.1.4/lib/bundler/vendor/thor/lib/thor.rb:399:in `dispatch'&#10;/home/ayush/.gem/ruby/2.7.0/gems/bundler-2.1.4/lib/bundler/cli.rb:30:in `dispatch'&#10;/home/ayush/.gem/ruby/2.7.0/gems/bundler-2.1.4/lib/bundler/vendor/thor/lib/thor/base.rb:476:in `start'&#10;/home/ayush/.gem/ruby/2.7.0/gems/bundler-2.1.4/lib/bundler/cli.rb:24:in `start'&#10;/home/ayush/.gem/ruby/2.7.0/gems/bundler-2.1.4/exe/bundle:46:in `block in &lt;top (required)&gt;'&#10;/home/ayush/.gem/ruby/2.7.0/gems/bundler-2.1.4/lib/bundler/friendly_errors.rb:123:in `with_friendly_errors'&#10;/home/ayush/.gem/ruby/2.7.0/gems/bundler-2.1.4/exe/bundle:34:in `&lt;top (required)&gt;'&#10;/home/ayush/.gem/ruby/2.7.0/bin//bundle:23:in `load'&#10;/home/ayush/.gem/ruby/2.7.0/bin//bundle:23:in `&lt;main&gt;'&#10;&#10;Exit status of command '/home/ayush/projects/android/Amphetamine/gradlew bundleRelease -p . -Pandroid.injected.signing.store.file=keystore.jks -Pandroid.injected.signing.store.password='' -Pandroid.injected.signing.key.alias='' -Pandroid.injected.signing.key.password=''' was 1 instead of 0.&#10;&gt; Task :buildSrc:compileKotlin UP-TO-DATE&#10;&gt; Task :buildSrc:compileJava NO-SOURCE&#10;&gt; Task :buildSrc:compileGroovy NO-SOURCE&#10;&gt; Task :buildSrc:pluginDescriptors UP-TO-DATE&#10;&gt; Task :buildSrc:processResources NO-SOURCE&#10;&gt; Task :buildSrc:classes UP-TO-DATE&#10;&gt; Task :buildSrc:inspectClassesForKotlinIC UP-TO-DATE&#10;&gt; Task :buildSrc:jar UP-TO-DATE&#10;&gt; Task :buildSrc:assemble UP-TO-DATE&#10;&gt; Task :buildSrc:compileTestKotlin NO-SOURCE&#10;&gt; Task :buildSrc:pluginUnderTestMetadata UP-TO-DATE&#10;&gt; Task :buildSrc:compileTestJava NO-SOURCE&#10;&gt; Task :buildSrc:compileTestGroovy NO-SOURCE&#10;&gt; Task :buildSrc:processTestResources NO-SOURCE&#10;&gt; Task :buildSrc:testClasses UP-TO-DATE&#10;&gt; Task :buildSrc:test NO-SOURCE&#10;&gt; Task :buildSrc:validatePlugins UP-TO-DATE&#10;&gt; Task :buildSrc:check UP-TO-DATE&#10;&gt; Task :buildSrc:build UP-TO-DATE&#10;&#10;&gt; Configure project :library&#10;WARNING: API 'variant.getJavaCompile()' is obsolete and has been replaced with 'variant.getJavaCompileProvider()'.&#10;It will be removed in version 5.0 of the Android Gradle plugin.&#10;For more information, see https://d.android.com/r/tools/task-configuration-avoidance.&#10;To determine what is calling variant.getJavaCompile(), use -Pandroid.debug.obsoleteApi=true on the command line to display more information.&#10;&#10;&gt; Task :app:preBuild UP-TO-DATE&#10;&gt; Task :app:extractProguardFiles UP-TO-DATE&#10;&gt; Task :app:preReleaseBuild UP-TO-DATE&#10;&gt; Task :library:preBuild UP-TO-DATE&#10;&gt; Task :library:preReleaseBuild UP-TO-DATE&#10;&gt; Task :library:packageReleaseRenderscript NO-SOURCE&#10;&gt; Task :app:compileReleaseRenderscript NO-SOURCE&#10;&gt; Task :app:generateReleaseResValues UP-TO-DATE&#10;&gt; Task :app:generateReleaseResources UP-TO-DATE&#10;&gt; Task :library:compileReleaseRenderscript NO-SOURCE&#10;&gt; Task :library:generateReleaseResValues UP-TO-DATE&#10;&gt; Task :library:generateReleaseResources UP-TO-DATE&#10;&gt; Task :library:packageReleaseResources UP-TO-DATE&#10;&gt; Task :app:mergeReleaseResources UP-TO-DATE&#10;&gt; Task :app:createReleaseCompatibleScreenManifests UP-TO-DATE&#10;&gt; Task :app:extractDeepLinksRelease UP-TO-DATE&#10;&gt; Task :library:extractDeepLinksRelease UP-TO-DATE&#10;&gt; Task :library:processReleaseManifest UP-TO-DATE&#10;&gt; Task :app:processReleaseManifest UP-TO-DATE&#10;&gt; Task :library:compileReleaseLibraryResources UP-TO-DATE&#10;&gt; Task :app:bundleReleaseResources UP-TO-DATE&#10;&gt; Task :app:mergeReleaseShaders UP-TO-DATE&#10;&gt; Task :app:compileReleaseShaders NO-SOURCE&#10;&gt; Task :app:generateReleaseAssets UP-TO-DATE&#10;&gt; Task :library:mergeReleaseShaders UP-TO-DATE&#10;&gt; Task :library:compileReleaseShaders NO-SOURCE&#10;&gt; Task :library:generateReleaseAssets UP-TO-DATE&#10;&gt; Task :library:packageReleaseAssets UP-TO-DATE&#10;&gt; Task :app:mergeReleaseAssets UP-TO-DATE&#10;&gt; Task :library:compileReleaseAidl NO-SOURCE&#10;&gt; Task :library:generateReleaseBuildConfig UP-TO-DATE&#10;&gt; Task :library:parseReleaseLocalResources UP-TO-DATE&#10;&gt; Task :library:generateReleaseRFile UP-TO-DATE&#10;&gt; Task :library:kaptGenerateStubsReleaseKotlin UP-TO-DATE&#10;&gt; Task :library:kaptReleaseKotlin UP-TO-DATE&#10;&gt; Task :library:compileReleaseKotlin UP-TO-DATE&#10;&gt; Task :library:javaPreCompileRelease UP-TO-DATE&#10;&gt; Task :library:compileReleaseJavaWithJavac UP-TO-DATE&#10;&gt; Task :library:mergeReleaseGeneratedProguardFiles UP-TO-DATE&#10;&gt; Task :library:exportReleaseConsumerProguardFiles UP-TO-DATE&#10;&gt; Task :app:checkReleaseDuplicateClasses UP-TO-DATE&#10;&gt; Task :app:compileReleaseAidl NO-SOURCE&#10;&gt; Task :app:generateReleaseBuildConfig UP-TO-DATE&#10;&gt; Task :app:processReleaseResources UP-TO-DATE&#10;&gt; Task :library:bundleLibCompileToJarRelease UP-TO-DATE&#10;&gt; Task :app:kaptGenerateStubsReleaseKotlin UP-TO-DATE&#10;&gt; Task :app:kaptReleaseKotlin UP-TO-DATE&#10;&gt; Task :app:compileReleaseKotlin UP-TO-DATE&#10;&gt; Task :app:javaPreCompileRelease UP-TO-DATE&#10;&gt; Task :app:compileReleaseJavaWithJavac UP-TO-DATE&#10;&gt; Task :app:mergeReleaseGeneratedProguardFiles UP-TO-DATE&#10;&gt; Task :app:processReleaseJavaRes NO-SOURCE&#10;&gt; Task :library:processReleaseJavaRes NO-SOURCE&#10;&gt; Task :library:bundleLibResRelease UP-TO-DATE&#10;&gt; Task :app:mergeReleaseJavaResource UP-TO-DATE&#10;&gt; Task :library:bundleLibRuntimeToJarRelease UP-TO-DATE&#10;&gt; Task :app:minifyReleaseWithR8 UP-TO-DATE&#10;&gt; Task :app:mergeReleaseJniLibFolders UP-TO-DATE&#10;&gt; Task :library:mergeReleaseJniLibFolders UP-TO-DATE&#10;&gt; Task :library:mergeReleaseNativeLibs UP-TO-DATE&#10;&gt; Task :library:stripReleaseDebugSymbols NO-SOURCE&#10;&gt; Task :library:copyReleaseJniLibsProjectOnly UP-TO-DATE&#10;&gt; Task :app:mergeReleaseNativeLibs UP-TO-DATE&#10;&gt; Task :app:stripReleaseDebugSymbols NO-SOURCE&#10;&gt; Task :app:buildReleasePreBundle UP-TO-DATE&#10;&gt; Task :app:collectReleaseDependencies UP-TO-DATE&#10;&gt; Task :app:configureReleaseDependencies UP-TO-DATE&#10;&gt; Task :app:parseReleaseIntegrityConfig UP-TO-DATE&#10;&gt; Task :app:packageReleaseBundle UP-TO-DATE&#10;&gt; Task :app:validateSigningRelease FAILED&#10;&#10;FAILURE: Build failed with an exception.&#10;&#10;* What went wrong:&#10;Execution failed for task ':app:validateSigningRelease'.&#10;&gt; Keystore file '/home/ayush/.gradle/daemon/6.6.1/keystore.jks' not found for signing config 'externalOverride'.&#10;&#10;* Try:&#10;Run with --stacktrace option to get the stack trace. Run with --info or --debug option to get more log output. Run with --scan to get full insights.&#10;&#10;* Get more help at https://help.gradle.org&#10;&#10;Deprecated Gradle features were used in this build, making it incompatible with Gradle 7.0.&#10;Use '--warning-mode all' to show the individual deprecation warnings.&#10;See https://docs.gradle.org/6.6.1/userguide/command_line_interface.html#sec:command_line_warnings&#10;&#10;BUILD FAILED in 2s&#10;51 actionable tasks: 1 executed, 50 up-to-date&#10;" />
        
      </testcase>
    
  </testsuite>
</testsuites>
